TN:
SF:bin/patina.js
FN:1,(empty-report)
FNF:1
FNH:0
FNDA:0,(empty-report)
DA:1,0
DA:2,0
DA:3,0
DA:4,0
DA:5,0
DA:6,0
DA:7,0
DA:8,0
DA:9,0
DA:10,0
DA:11,0
DA:12,0
DA:13,0
DA:14,0
DA:15,0
LF:15
LH:0
BRDA:1,0,0,0
BRF:1
BRH:0
end_of_record
TN:
SF:src/index.ts
FN:1,(empty-report)
FNF:1
FNH:0
FNDA:0,(empty-report)
DA:1,0
DA:2,0
DA:3,0
DA:4,0
DA:5,0
DA:6,0
DA:7,0
DA:8,0
DA:9,0
DA:10,0
DA:11,0
DA:12,0
DA:14,0
DA:16,0
DA:17,0
DA:18,0
DA:19,0
DA:24,0
DA:25,0
DA:26,0
DA:27,0
DA:28,0
DA:29,0
DA:30,0
DA:35,0
DA:36,0
DA:37,0
DA:38,0
DA:39,0
DA:40,0
DA:41,0
DA:42,0
DA:43,0
DA:44,0
DA:45,0
DA:46,0
DA:47,0
DA:48,0
DA:53,0
DA:54,0
DA:55,0
DA:56,0
DA:57,0
DA:58,0
DA:63,0
DA:64,0
DA:65,0
DA:66,0
DA:67,0
DA:68,0
DA:69,0
DA:74,0
DA:75,0
DA:76,0
DA:77,0
DA:78,0
DA:79,0
DA:80,0
DA:81,0
DA:86,0
DA:87,0
DA:88,0
DA:89,0
DA:90,0
DA:91,0
DA:96,0
DA:97,0
DA:98,0
DA:99,0
DA:100,0
DA:101,0
DA:102,0
DA:103,0
DA:104,0
DA:105,0
DA:110,0
DA:111,0
DA:112,0
DA:113,0
DA:114,0
DA:115,0
DA:116,0
DA:118,0
DA:119,0
DA:120,0
DA:121,0
DA:122,0
DA:123,0
DA:124,0
DA:129,0
DA:130,0
DA:131,0
DA:132,0
DA:133,0
DA:134,0
DA:135,0
DA:136,0
DA:137,0
DA:138,0
DA:139,0
DA:140,0
DA:145,0
DA:146,0
DA:147,0
DA:148,0
LF:105
LH:0
BRDA:1,0,0,0
BRF:1
BRH:0
end_of_record
TN:
SF:src/commands/apply.ts
FN:19,bold
FN:22,dim
FN:25,green
FN:28,cyan
FN:31,yellow
FN:34,red
FN:37,hr
FN:41,confirm
FN:58,applyDiffToDoc
FN:134,updateCycleHistory
FN:185,updateCycleHistoryFile
FN:201,applyCommand
FNF:12
FNH:2
FNDA:0,bold
FNDA:0,dim
FNDA:0,green
FNDA:0,cyan
FNDA:0,yellow
FNDA:0,red
FNDA:0,hr
FNDA:0,confirm
FNDA:6,applyDiffToDoc
FNDA:4,updateCycleHistory
FNDA:0,updateCycleHistoryFile
FNDA:0,applyCommand
DA:1,1
DA:18,1
DA:19,0
DA:20,0
DA:21,0
DA:22,0
DA:23,0
DA:24,0
DA:25,0
DA:26,0
DA:27,0
DA:28,0
DA:29,0
DA:30,0
DA:31,0
DA:32,0
DA:33,0
DA:34,0
DA:35,0
DA:36,0
DA:37,0
DA:38,0
DA:39,0
DA:41,0
DA:42,0
DA:43,0
DA:44,0
DA:45,0
DA:46,0
DA:47,0
DA:48,0
DA:49,0
DA:50,0
DA:51,0
DA:52,0
DA:58,1
DA:59,6
DA:63,6
DA:64,6
DA:66,6
DA:67,44
DA:68,44
DA:69,44
DA:70,8
DA:71,44
DA:72,3
DA:73,3
DA:74,3
DA:76,41
DA:77,44
DA:78,0
DA:79,0
DA:80,0
DA:81,44
DA:83,6
DA:85,3
DA:86,3
DA:87,3
DA:88,3
DA:89,3
DA:90,3
DA:91,3
DA:92,3
DA:93,3
DA:94,3
DA:95,3
DA:96,3
DA:99,3
DA:100,6
DA:101,14
DA:102,3
DA:103,3
DA:104,3
DA:105,14
DA:108,3
DA:109,6
DA:110,6
DA:111,3
DA:112,3
DA:113,3
DA:114,6
DA:116,3
DA:117,3
DA:118,3
DA:119,3
DA:120,3
DA:121,3
DA:123,3
DA:124,3
DA:126,1
DA:134,1
DA:135,4
DA:136,4
DA:137,4
DA:138,4
DA:140,4
DA:142,4
DA:143,1
DA:144,4
DA:146,3
DA:147,3
DA:148,3
DA:150,1
DA:151,3
DA:153,2
DA:154,2
DA:155,2
DA:156,2
DA:157,2
DA:158,2
DA:159,2
DA:160,2
DA:161,3
DA:164,4
DA:165,4
DA:166,4
DA:167,3
DA:168,3
DA:169,3
DA:170,3
DA:172,3
DA:173,1
DA:174,1
DA:175,1
DA:176,1
DA:177,3
DA:179,4
DA:180,4
DA:185,1
DA:186,0
DA:187,0
DA:189,0
DA:190,0
DA:191,0
DA:193,0
DA:194,0
DA:195,0
DA:197,0
DA:198,0
DA:199,0
DA:201,0
DA:202,0
DA:203,0
DA:205,0
DA:207,0
DA:208,0
DA:209,0
DA:210,0
DA:211,0
DA:214,0
DA:215,0
DA:216,0
DA:217,0
DA:219,0
DA:220,0
DA:221,0
DA:222,0
DA:223,0
DA:224,0
DA:225,0
DA:226,0
DA:228,0
DA:229,0
DA:230,0
DA:231,0
DA:233,0
DA:234,0
DA:235,0
DA:236,0
DA:237,0
DA:238,0
DA:240,0
DA:242,0
DA:243,0
DA:244,0
DA:245,0
DA:248,0
DA:251,0
DA:252,0
DA:253,0
DA:254,0
DA:255,0
DA:258,0
DA:259,0
DA:260,0
DA:263,0
DA:264,0
DA:265,0
DA:266,0
DA:267,0
DA:268,0
DA:269,0
DA:270,0
DA:271,0
DA:272,0
DA:273,0
DA:274,0
DA:277,0
DA:280,0
DA:281,0
DA:282,0
DA:285,0
DA:286,0
DA:287,0
DA:288,0
DA:289,0
DA:291,0
DA:292,0
DA:293,0
DA:294,0
DA:295,0
DA:298,0
DA:299,0
DA:300,0
DA:301,0
DA:302,0
DA:303,0
DA:304,0
DA:306,0
DA:307,0
DA:308,0
DA:311,0
DA:312,0
DA:315,0
DA:316,0
DA:317,0
DA:318,0
DA:319,0
DA:320,0
DA:321,0
DA:322,0
DA:324,0
DA:325,0
DA:327,0
DA:328,0
DA:329,0
DA:330,0
DA:331,0
DA:332,0
DA:333,0
DA:334,0
DA:335,0
DA:336,0
DA:337,0
DA:338,0
DA:339,0
DA:340,0
LF:247
LH:93
BRDA:58,0,0,6
BRDA:66,1,0,44
BRDA:69,2,0,8
BRDA:71,3,0,3
BRDA:74,4,0,41
BRDA:77,5,0,28
BRDA:77,6,0,0
BRDA:83,7,0,3
BRDA:86,8,0,2
BRDA:86,9,0,1
BRDA:100,10,0,14
BRDA:101,11,0,12
BRDA:101,12,0,3
BRDA:105,13,0,3
BRDA:110,14,0,3
BRDA:110,15,0,3
BRDA:114,16,0,3
BRDA:134,17,0,4
BRDA:136,18,0,2
BRDA:142,19,0,1
BRDA:144,20,0,3
BRDA:148,21,0,1
BRDA:151,22,0,2
BRDA:153,23,0,0
BRDA:157,24,0,0
BRDA:166,25,0,3
BRDA:172,26,0,1
BRF:27
BRH:24
end_of_record
TN:
SF:src/commands/ask.ts
FN:1,(empty-report)
FNF:1
FNH:0
FNDA:0,(empty-report)
DA:1,0
DA:17,0
DA:18,0
DA:19,0
DA:20,0
DA:35,0
DA:36,0
DA:37,0
DA:38,0
DA:39,0
DA:40,0
DA:41,0
DA:42,0
DA:43,0
DA:44,0
DA:50,0
DA:51,0
DA:52,0
DA:53,0
DA:54,0
DA:55,0
DA:56,0
DA:57,0
DA:79,0
DA:80,0
DA:81,0
DA:82,0
DA:83,0
DA:84,0
DA:85,0
DA:86,0
DA:87,0
DA:88,0
DA:89,0
DA:90,0
DA:91,0
DA:92,0
DA:93,0
DA:95,0
DA:96,0
DA:97,0
DA:98,0
DA:99,0
DA:100,0
DA:102,0
DA:103,0
DA:104,0
DA:105,0
DA:106,0
DA:107,0
DA:108,0
DA:109,0
DA:110,0
DA:111,0
DA:112,0
DA:114,0
DA:115,0
DA:117,0
DA:118,0
DA:119,0
DA:122,0
DA:123,0
DA:124,0
DA:125,0
DA:126,0
DA:127,0
DA:128,0
DA:129,0
DA:130,0
DA:131,0
DA:132,0
DA:133,0
DA:134,0
DA:135,0
DA:136,0
DA:137,0
DA:138,0
DA:139,0
DA:140,0
DA:141,0
DA:142,0
DA:143,0
DA:144,0
DA:145,0
DA:146,0
DA:147,0
DA:148,0
DA:149,0
DA:152,0
DA:153,0
DA:154,0
DA:155,0
DA:156,0
DA:157,0
DA:158,0
DA:159,0
DA:160,0
DA:163,0
DA:164,0
DA:165,0
DA:166,0
DA:167,0
DA:168,0
DA:171,0
DA:172,0
DA:173,0
DA:174,0
DA:175,0
DA:176,0
DA:177,0
DA:178,0
DA:179,0
DA:180,0
DA:181,0
DA:182,0
DA:183,0
DA:184,0
DA:185,0
DA:186,0
DA:187,0
DA:188,0
DA:191,0
DA:192,0
DA:193,0
DA:194,0
DA:195,0
DA:196,0
DA:197,0
DA:198,0
DA:199,0
DA:200,0
DA:201,0
DA:203,0
DA:204,0
DA:205,0
DA:206,0
DA:208,0
DA:209,0
DA:210,0
DA:211,0
DA:212,0
DA:213,0
DA:214,0
DA:215,0
DA:216,0
DA:217,0
DA:218,0
DA:219,0
LF:148
LH:0
BRDA:1,0,0,0
BRF:1
BRH:0
end_of_record
TN:
SF:src/commands/capture.ts
FN:31,bold
FN:34,dim
FN:37,green
FN:40,cyan
FN:43,yellow
FN:51,generateId
FN:65,resolveTag
FN:86,buildSynthesisPrompt
FN:126,synthesiseCapture
FN:193,captureCommand
FNF:10
FNH:2
FNDA:0,bold
FNDA:0,dim
FNDA:0,green
FNDA:0,cyan
FNDA:0,yellow
FNDA:14,generateId
FNDA:0,resolveTag
FNDA:6,buildSynthesisPrompt
FNDA:0,synthesiseCapture
FNDA:0,captureCommand
DA:1,1
DA:30,1
DA:31,0
DA:32,0
DA:33,0
DA:34,0
DA:35,0
DA:36,0
DA:37,0
DA:38,0
DA:39,0
DA:40,0
DA:41,0
DA:42,0
DA:43,0
DA:44,0
DA:45,0
DA:51,1
DA:52,14
DA:53,14
DA:54,14
DA:55,14
DA:57,1
DA:58,1
DA:59,1
DA:60,1
DA:61,1
DA:62,1
DA:63,1
DA:65,1
DA:66,0
DA:67,0
DA:68,0
DA:69,0
DA:71,0
DA:86,1
DA:87,6
DA:88,6
DA:89,6
DA:90,6
DA:91,6
DA:92,6
DA:93,6
DA:94,6
DA:95,5
DA:96,1
DA:97,1
DA:98,1
DA:99,1
DA:100,1
DA:101,1
DA:103,6
DA:104,6
DA:105,6
DA:117,6
DA:118,6
DA:119,6
DA:120,6
DA:121,6
DA:122,6
DA:124,6
DA:126,0
DA:127,0
DA:128,0
DA:130,0
DA:132,0
DA:133,0
DA:134,0
DA:135,0
DA:136,0
DA:137,0
DA:138,0
DA:140,0
DA:141,0
DA:142,0
DA:143,0
DA:145,0
DA:147,0
DA:148,0
DA:161,0
DA:162,0
DA:163,0
DA:164,0
DA:165,0
DA:166,0
DA:167,0
DA:168,0
DA:169,0
DA:170,0
DA:172,0
DA:173,0
DA:174,0
DA:175,0
DA:176,0
DA:177,0
DA:179,0
DA:180,0
DA:181,0
DA:182,0
DA:183,0
DA:184,0
DA:185,0
DA:186,0
DA:188,0
DA:189,0
DA:190,0
DA:191,0
DA:193,0
DA:194,0
DA:195,0
DA:196,0
DA:197,0
DA:199,0
DA:200,0
DA:203,0
DA:204,0
DA:205,0
DA:206,0
DA:207,0
DA:208,0
DA:209,0
DA:210,0
DA:211,0
DA:212,0
DA:215,0
DA:216,0
DA:217,0
DA:218,0
DA:219,0
DA:220,0
DA:222,0
DA:223,0
DA:224,0
DA:225,0
DA:226,0
DA:228,0
DA:229,0
DA:230,0
DA:231,0
DA:232,0
DA:234,0
DA:235,0
DA:236,0
DA:237,0
DA:238,0
DA:239,0
DA:240,0
DA:242,0
DA:243,0
DA:244,0
DA:246,0
DA:247,0
DA:249,0
DA:250,0
DA:251,0
DA:252,0
DA:253,0
DA:254,0
DA:255,0
DA:256,0
DA:258,0
DA:259,0
DA:261,0
DA:262,0
DA:263,0
DA:264,0
DA:265,0
DA:266,0
DA:267,0
DA:269,0
DA:270,0
DA:271,0
DA:272,0
DA:273,0
DA:274,0
DA:276,0
DA:277,0
DA:278,0
DA:280,0
DA:281,0
DA:282,0
DA:283,0
DA:284,0
DA:285,0
DA:286,0
DA:287,0
DA:288,0
DA:289,0
DA:290,0
DA:291,0
DA:293,0
DA:294,0
LF:192
LH:41
BRDA:51,0,0,14
BRDA:86,1,0,6
BRDA:92,2,0,1
BRDA:92,3,0,5
BRDA:94,4,0,5
BRDA:95,5,0,1
BRDA:97,6,0,1
BRDA:98,7,0,0
BRF:8
BRH:7
end_of_record
TN:
SF:src/commands/ingest.ts
FN:20,runIngest
FN:83,ingestCommand
FNF:2
FNH:0
FNDA:0,runIngest
FNDA:0,ingestCommand
DA:1,1
DA:20,1
DA:24,0
DA:25,0
DA:26,0
DA:27,0
DA:29,0
DA:30,0
DA:31,0
DA:33,0
DA:34,0
DA:35,0
DA:36,0
DA:38,0
DA:39,0
DA:40,0
DA:41,0
DA:42,0
DA:43,0
DA:44,0
DA:45,0
DA:46,0
DA:47,0
DA:48,0
DA:49,0
DA:51,0
DA:52,0
DA:53,0
DA:54,0
DA:55,0
DA:56,0
DA:57,0
DA:58,0
DA:59,0
DA:60,0
DA:61,0
DA:62,0
DA:63,0
DA:64,0
DA:65,0
DA:66,0
DA:67,0
DA:68,0
DA:69,0
DA:70,0
DA:71,0
DA:72,0
DA:73,0
DA:74,0
DA:75,0
DA:76,0
DA:77,0
DA:78,0
DA:80,0
DA:81,0
DA:83,0
DA:84,0
DA:86,0
DA:87,0
DA:88,0
DA:90,0
DA:91,0
DA:92,0
DA:93,0
DA:94,0
DA:95,0
DA:96,0
DA:97,0
DA:99,0
DA:100,0
DA:101,0
DA:103,0
DA:104,0
DA:105,0
DA:107,0
DA:108,0
DA:109,0
DA:110,0
DA:112,0
DA:113,0
DA:114,0
DA:115,0
DA:116,0
DA:117,0
DA:118,0
DA:119,0
DA:120,0
DA:121,0
DA:123,0
DA:124,0
DA:125,0
DA:126,0
DA:127,0
DA:128,0
DA:129,0
DA:130,0
DA:132,0
DA:133,0
DA:134,0
DA:135,0
DA:136,0
DA:137,0
DA:139,0
DA:140,0
DA:141,0
DA:142,0
DA:143,0
DA:144,0
DA:145,0
DA:146,0
DA:147,0
DA:148,0
DA:149,0
DA:150,0
DA:151,0
DA:152,0
DA:153,0
DA:154,0
DA:157,0
DA:158,0
DA:159,0
DA:161,0
DA:162,0
DA:163,0
DA:164,0
LF:125
LH:2
BRF:0
BRH:0
end_of_record
TN:
SF:src/commands/init.ts
FN:1,(empty-report)
FNF:1
FNH:0
FNDA:0,(empty-report)
DA:1,0
DA:26,0
DA:28,0
DA:85,0
DA:86,0
DA:87,0
DA:88,0
DA:89,0
DA:90,0
DA:91,0
DA:92,0
DA:94,0
DA:95,0
DA:97,0
DA:100,0
DA:101,0
DA:102,0
DA:103,0
DA:104,0
DA:105,0
DA:106,0
DA:107,0
DA:108,0
DA:109,0
DA:111,0
DA:112,0
DA:114,0
DA:115,0
DA:116,0
DA:117,0
DA:118,0
DA:120,0
DA:121,0
DA:122,0
DA:124,0
DA:125,0
DA:126,0
DA:127,0
DA:128,0
DA:129,0
DA:130,0
DA:131,0
DA:132,0
DA:134,0
DA:135,0
DA:136,0
DA:137,0
DA:139,0
DA:140,0
DA:141,0
DA:142,0
DA:143,0
DA:144,0
DA:145,0
DA:148,0
DA:151,0
DA:154,0
DA:155,0
DA:156,0
DA:157,0
DA:160,0
DA:161,0
DA:164,0
DA:165,0
DA:166,0
DA:169,0
DA:170,0
DA:171,0
DA:173,0
DA:174,0
DA:175,0
DA:176,0
DA:177,0
DA:178,0
DA:179,0
DA:180,0
DA:181,0
DA:182,0
DA:183,0
DA:184,0
DA:186,0
DA:188,0
DA:189,0
DA:190,0
DA:191,0
DA:192,0
DA:193,0
DA:194,0
DA:195,0
DA:196,0
DA:197,0
DA:198,0
DA:199,0
DA:200,0
DA:201,0
DA:202,0
DA:203,0
DA:204,0
DA:205,0
DA:207,0
DA:208,0
DA:209,0
DA:210,0
DA:211,0
DA:212,0
DA:213,0
DA:215,0
DA:216,0
DA:217,0
DA:218,0
LF:110
LH:0
BRDA:1,0,0,0
BRF:1
BRH:0
end_of_record
TN:
SF:src/commands/layers.ts
FN:10,bold
FN:13,dim
FN:16,green
FN:19,brightGreen
FN:22,cyan
FN:25,yellow
FN:28,gold
FN:31,red
FN:49,parseCycleFile
FN:79,tokenBar
FN:86,formatK
FN:90,deltaLabel
FN:106,getLayerStyle
FN:118,reworkColor
FN:124,tokenDeltaStr
FN:138,layersCommand
FNF:16
FNH:7
FNDA:0,bold
FNDA:3,dim
FNDA:1,green
FNDA:0,brightGreen
FNDA:0,cyan
FNDA:0,yellow
FNDA:0,gold
FNDA:1,red
FNDA:9,parseCycleFile
FNDA:3,tokenBar
FNDA:5,formatK
FNDA:4,deltaLabel
FNDA:0,getLayerStyle
FNDA:0,reworkColor
FNDA:0,tokenDeltaStr
FNDA:0,layersCommand
DA:1,1
DA:9,1
DA:10,0
DA:11,0
DA:12,0
DA:13,3
DA:14,3
DA:15,3
DA:16,1
DA:17,1
DA:18,1
DA:19,0
DA:20,0
DA:21,0
DA:22,0
DA:23,0
DA:24,0
DA:25,0
DA:26,0
DA:27,0
DA:28,0
DA:29,0
DA:30,0
DA:31,1
DA:32,1
DA:33,1
DA:49,1
DA:50,9
DA:52,9
DA:53,9
DA:54,9
DA:56,9
DA:57,9
DA:58,9
DA:59,9
DA:61,9
DA:62,9
DA:63,9
DA:64,9
DA:65,9
DA:66,9
DA:67,9
DA:68,9
DA:69,9
DA:70,9
DA:77,1
DA:79,1
DA:80,3
DA:81,3
DA:82,3
DA:83,3
DA:84,3
DA:86,1
DA:87,5
DA:88,5
DA:90,1
DA:91,4
DA:92,4
DA:93,4
DA:94,1
DA:95,1
DA:102,1
DA:103,1
DA:106,0
DA:107,0
DA:108,0
DA:109,0
DA:110,0
DA:111,0
DA:112,0
DA:113,0
DA:114,0
DA:115,0
DA:116,0
DA:118,0
DA:119,0
DA:120,0
DA:121,0
DA:122,0
DA:124,0
DA:125,0
DA:126,0
DA:127,0
DA:128,0
DA:129,0
DA:130,0
DA:136,1
DA:138,1
DA:139,0
DA:141,0
DA:142,0
DA:144,0
DA:145,0
DA:146,0
DA:147,0
DA:149,0
DA:150,0
DA:151,0
DA:152,0
DA:154,0
DA:155,0
DA:157,0
DA:158,0
DA:159,0
DA:160,0
DA:162,0
DA:163,0
DA:164,0
DA:165,0
DA:166,0
DA:169,0
DA:172,0
DA:174,0
DA:176,0
DA:177,0
DA:178,0
DA:179,0
DA:180,0
DA:182,0
DA:185,0
DA:188,0
DA:189,0
DA:190,0
DA:191,0
DA:192,0
DA:195,0
DA:196,0
DA:197,0
DA:199,0
DA:201,0
DA:202,0
DA:203,0
DA:204,0
DA:205,0
DA:207,0
DA:208,0
DA:209,0
DA:210,0
DA:212,0
DA:213,0
DA:216,0
DA:217,0
DA:218,0
DA:219,0
DA:221,0
DA:222,0
LF:146
LH:50
BRDA:13,0,0,3
BRDA:14,1,0,0
BRDA:16,2,0,1
BRDA:17,3,0,0
BRDA:31,4,0,1
BRDA:32,5,0,0
BRDA:49,6,0,9
BRDA:53,7,0,8
BRDA:53,8,0,1
BRDA:54,9,0,1
BRDA:54,10,0,8
BRDA:64,11,0,5
BRDA:64,12,0,4
BRDA:65,13,0,5
BRDA:65,14,0,4
BRDA:66,15,0,5
BRDA:66,16,0,4
BRDA:68,17,0,5
BRDA:68,18,0,4
BRDA:79,19,0,3
BRDA:86,20,0,5
BRDA:87,21,0,3
BRDA:87,22,0,2
BRDA:90,23,0,4
BRDA:92,24,0,2
BRDA:93,25,0,1
BRF:26
BRH:23
end_of_record
TN:
SF:src/commands/onboard.ts
FN:12,bold
FN:15,dim
FN:18,green
FN:21,cyan
FN:24,yellow
FN:27,red
FN:30,hr
FN:33,section
FN:108,callClaude
FN:116,buildPrompt
FN:146,insertBeforeSectionEnd
FN:168,applyOnboarding
FN:185,replaceTableBody
FN:205,applyOnboardingToSpokes
FN:225,displayResults
FN:243,onboardCommand
FNF:16
FNH:3
FNDA:0,bold
FNDA:0,dim
FNDA:0,green
FNDA:0,cyan
FNDA:0,yellow
FNDA:0,red
FNDA:0,hr
FNDA:0,section
FNDA:0,callClaude
FNDA:4,buildPrompt
FNDA:4,insertBeforeSectionEnd
FNDA:2,applyOnboarding
FNDA:0,replaceTableBody
FNDA:0,applyOnboardingToSpokes
FNDA:0,displayResults
FNDA:0,onboardCommand
DA:1,1
DA:11,1
DA:12,0
DA:13,0
DA:14,0
DA:15,0
DA:16,0
DA:17,0
DA:18,0
DA:19,0
DA:20,0
DA:21,0
DA:22,0
DA:23,0
DA:24,0
DA:25,0
DA:26,0
DA:27,0
DA:28,0
DA:29,0
DA:30,0
DA:31,0
DA:32,0
DA:33,0
DA:34,0
DA:35,0
DA:36,0
DA:42,1
DA:44,1
DA:45,1
DA:46,1
DA:47,1
DA:48,1
DA:49,1
DA:50,1
DA:51,1
DA:52,1
DA:53,1
DA:54,1
DA:55,1
DA:56,1
DA:57,1
DA:58,1
DA:59,1
DA:60,1
DA:61,1
DA:62,1
DA:63,1
DA:64,1
DA:65,1
DA:66,1
DA:67,1
DA:68,1
DA:70,1
DA:71,1
DA:72,1
DA:73,1
DA:74,1
DA:75,1
DA:76,1
DA:77,1
DA:78,1
DA:79,1
DA:81,1
DA:82,1
DA:83,1
DA:84,1
DA:85,1
DA:86,1
DA:87,1
DA:88,1
DA:89,1
DA:90,1
DA:91,1
DA:108,0
DA:109,0
DA:110,0
DA:116,1
DA:117,4
DA:118,4
DA:119,4
DA:121,4
DA:124,4
DA:136,4
DA:146,1
DA:147,4
DA:148,4
DA:149,4
DA:150,4
DA:151,4
DA:152,4
DA:154,3
DA:155,3
DA:156,4
DA:157,1
DA:158,1
DA:160,2
DA:161,2
DA:162,2
DA:168,1
DA:169,2
DA:172,2
DA:173,2
DA:174,2
DA:175,2
DA:178,2
DA:179,2
DA:185,1
DA:186,0
DA:187,0
DA:188,0
DA:189,0
DA:190,0
DA:191,0
DA:192,0
DA:193,0
DA:194,0
DA:195,0
DA:196,0
DA:197,0
DA:198,0
DA:199,0
DA:205,1
DA:206,0
DA:208,0
DA:209,0
DA:210,0
DA:211,0
DA:212,0
DA:213,0
DA:214,0
DA:216,0
DA:217,0
DA:218,0
DA:219,0
DA:225,0
DA:226,0
DA:227,0
DA:229,0
DA:230,0
DA:232,0
DA:233,0
DA:235,0
DA:236,0
DA:237,0
DA:243,0
DA:244,0
DA:246,0
DA:247,0
DA:248,0
DA:249,0
DA:250,0
DA:251,0
DA:252,0
DA:253,0
DA:254,0
DA:255,0
DA:257,0
DA:258,0
DA:259,0
DA:260,0
DA:261,0
DA:263,0
DA:264,0
DA:266,0
DA:267,0
DA:269,0
DA:270,0
DA:272,0
DA:273,0
DA:274,0
DA:275,0
DA:276,0
DA:278,0
DA:279,0
DA:280,0
DA:281,0
DA:283,0
DA:285,0
DA:286,0
DA:288,0
DA:289,0
DA:290,0
DA:291,0
DA:292,0
DA:293,0
DA:294,0
DA:295,0
DA:296,0
DA:298,0
DA:299,0
DA:302,0
DA:303,0
DA:304,0
DA:305,0
DA:306,0
DA:307,0
DA:308,0
DA:309,0
DA:310,0
DA:311,0
DA:313,0
DA:314,0
DA:315,0
DA:316,0
DA:319,0
DA:320,0
DA:321,0
DA:322,0
DA:323,0
DA:325,0
DA:326,0
DA:329,0
DA:332,0
DA:334,0
DA:337,0
DA:339,0
DA:345,0
DA:351,0
DA:359,0
DA:367,0
DA:373,0
DA:376,0
DA:378,0
DA:379,0
DA:380,0
DA:381,0
DA:382,0
DA:383,0
DA:384,0
DA:385,0
DA:386,0
DA:387,0
LF:233
LH:81
BRDA:116,0,0,4
BRDA:117,1,0,36
BRDA:117,2,0,35
BRDA:146,3,0,4
BRDA:152,4,0,1
BRDA:152,5,0,3
BRDA:156,6,0,2
BRDA:156,7,0,1
BRDA:158,8,0,2
BRDA:168,9,0,2
BRF:10
BRH:10
end_of_record
TN:
SF:src/commands/reflect.ts
FN:1,(empty-report)
FNF:1
FNH:0
FNDA:0,(empty-report)
DA:1,0
DA:19,0
DA:21,0
DA:22,0
DA:23,0
DA:24,0
DA:25,0
DA:26,0
DA:27,0
DA:28,0
DA:29,0
DA:30,0
DA:31,0
DA:32,0
DA:34,0
DA:35,0
DA:36,0
DA:42,0
DA:43,0
DA:44,0
DA:45,0
DA:46,0
DA:47,0
DA:48,0
DA:50,0
DA:51,0
DA:52,0
DA:53,0
DA:54,0
DA:55,0
DA:56,0
DA:62,0
DA:63,0
DA:65,0
DA:66,0
DA:69,0
DA:70,0
DA:71,0
DA:72,0
DA:73,0
DA:74,0
DA:76,0
DA:78,0
DA:79,0
DA:80,0
DA:81,0
DA:82,0
DA:83,0
DA:84,0
DA:85,0
DA:86,0
DA:87,0
DA:88,0
DA:89,0
DA:91,0
DA:92,0
DA:93,0
DA:95,0
DA:96,0
DA:97,0
DA:98,0
DA:99,0
DA:100,0
DA:101,0
DA:102,0
DA:103,0
DA:105,0
DA:107,0
DA:109,0
DA:110,0
DA:111,0
DA:112,0
DA:113,0
DA:114,0
DA:115,0
DA:117,0
DA:119,0
DA:120,0
DA:122,0
DA:123,0
DA:124,0
DA:125,0
DA:126,0
DA:127,0
DA:128,0
LF:85
LH:0
BRDA:1,0,0,0
BRF:1
BRH:0
end_of_record
TN:
SF:src/commands/run.ts
FN:39,bold
FN:42,dim
FN:45,green
FN:48,yellow
FN:51,cyan
FN:54,red
FN:58,hr
FN:62,section
FN:112,loadLivingDoc
FN:133,sessionsInCycle
FN:146,compressSessionsForPrompt
FN:180,formatReflectionsForPrompt
FN:210,buildSynthesisPrompt
FN:328,callClaude
FN:343,displaySynthesis
FN:387,buildCycleMarkdown
FN:523,runCommand
FNF:17
FNH:4
FNDA:0,bold
FNDA:0,dim
FNDA:0,green
FNDA:0,yellow
FNDA:0,cyan
FNDA:0,red
FNDA:0,hr
FNDA:0,section
FNDA:0,loadLivingDoc
FNDA:0,sessionsInCycle
FNDA:14,compressSessionsForPrompt
FNDA:8,formatReflectionsForPrompt
FNDA:8,buildSynthesisPrompt
FNDA:0,callClaude
FNDA:0,displaySynthesis
FNDA:7,buildCycleMarkdown
FNDA:0,runCommand
DA:1,1
DA:37,1
DA:39,0
DA:40,0
DA:41,0
DA:42,0
DA:43,0
DA:44,0
DA:45,0
DA:46,0
DA:47,0
DA:48,0
DA:49,0
DA:50,0
DA:51,0
DA:52,0
DA:53,0
DA:54,0
DA:55,0
DA:56,0
DA:58,0
DA:59,0
DA:60,0
DA:62,0
DA:63,0
DA:64,0
DA:65,0
DA:112,0
DA:113,0
DA:114,0
DA:115,0
DA:118,0
DA:119,0
DA:120,0
DA:121,0
DA:122,0
DA:123,0
DA:127,0
DA:128,0
DA:129,0
DA:130,0
DA:131,0
DA:133,0
DA:134,0
DA:135,0
DA:136,0
DA:137,0
DA:138,0
DA:139,0
DA:140,0
DA:146,1
DA:147,14
DA:150,13
DA:151,13
DA:152,13
DA:153,13
DA:154,13
DA:156,14
DA:157,42
DA:158,42
DA:159,42
DA:160,42
DA:161,42
DA:162,42
DA:163,42
DA:164,42
DA:165,42
DA:166,42
DA:167,42
DA:169,14
DA:170,1
DA:171,1
DA:173,13
DA:174,13
DA:180,8
DA:181,8
DA:182,8
DA:183,8
DA:184,8
DA:186,8
DA:187,8
DA:188,8
DA:189,8
DA:190,48
DA:191,48
DA:192,8
DA:193,8
DA:194,8
DA:196,0
DA:197,0
DA:198,0
DA:199,0
DA:200,0
DA:201,0
DA:202,0
DA:203,0
DA:204,0
DA:205,0
DA:206,0
DA:207,0
DA:208,0
DA:210,1
DA:220,8
DA:221,8
DA:222,8
DA:223,8
DA:224,8
DA:225,8
DA:226,8
DA:227,8
DA:228,8
DA:229,8
DA:230,8
DA:231,8
DA:233,8
DA:234,8
DA:236,8
DA:237,8
DA:238,8
DA:239,8
DA:240,8
DA:241,8
DA:242,8
DA:243,8
DA:244,8
DA:245,8
DA:247,8
DA:248,0
DA:249,0
DA:250,0
DA:251,0
DA:252,8
DA:254,8
DA:256,8
DA:258,8
DA:259,8
DA:260,1
DA:261,1
DA:262,1
DA:263,1
DA:264,1
DA:265,1
DA:266,7
DA:268,8
DA:270,8
DA:271,8
DA:272,8
DA:275,8
DA:278,8
DA:281,8
DA:284,8
DA:285,8
DA:288,8
DA:322,8
DA:328,0
DA:329,0
DA:330,0
DA:331,0
DA:332,0
DA:333,0
DA:334,0
DA:336,0
DA:337,0
DA:343,0
DA:344,0
DA:345,0
DA:347,0
DA:348,0
DA:349,0
DA:350,0
DA:351,0
DA:352,0
DA:353,0
DA:354,0
DA:355,0
DA:356,0
DA:357,0
DA:359,0
DA:360,0
DA:361,0
DA:362,0
DA:363,0
DA:365,0
DA:366,0
DA:367,0
DA:368,0
DA:369,0
DA:370,0
DA:371,0
DA:372,0
DA:373,0
DA:375,0
DA:376,0
DA:377,0
DA:378,0
DA:379,0
DA:380,0
DA:381,0
DA:387,1
DA:395,7
DA:396,7
DA:397,7
DA:398,7
DA:399,7
DA:400,7
DA:401,7
DA:402,7
DA:403,7
DA:404,7
DA:405,7
DA:407,7
DA:409,7
DA:410,7
DA:411,0
DA:412,7
DA:413,7
DA:414,7
DA:415,42
DA:416,42
DA:417,7
DA:418,7
DA:419,0
DA:420,0
DA:421,0
DA:422,0
DA:423,0
DA:424,0
DA:425,0
DA:426,0
DA:427,0
DA:428,0
DA:429,0
DA:430,0
DA:432,7
DA:433,7
DA:434,7
DA:435,14
DA:436,7
DA:437,7
DA:439,7
DA:440,7
DA:441,7
DA:442,7
DA:444,7
DA:446,7
DA:447,7
DA:448,7
DA:456,7
DA:457,7
DA:458,7
DA:459,7
DA:462,7
DA:468,7
DA:474,7
DA:480,7
DA:482,7
DA:484,7
DA:490,7
DA:492,7
DA:497,7
DA:504,7
DA:506,7
DA:508,7
DA:514,7
DA:517,7
DA:523,0
DA:524,0
DA:526,0
DA:531,0
DA:532,0
DA:533,0
DA:534,0
DA:536,0
DA:539,0
DA:540,0
DA:541,0
DA:542,0
DA:544,0
DA:546,0
DA:547,0
DA:548,0
DA:549,0
DA:550,0
DA:551,0
DA:552,0
DA:553,0
DA:555,0
DA:556,0
DA:557,0
DA:558,0
DA:560,0
DA:564,0
DA:565,0
DA:566,0
DA:567,0
DA:568,0
DA:569,0
DA:570,0
DA:571,0
DA:572,0
DA:573,0
DA:574,0
DA:575,0
DA:576,0
DA:577,0
DA:578,0
DA:579,0
DA:583,0
DA:585,0
DA:586,0
DA:587,0
DA:588,0
DA:589,0
DA:590,0
DA:591,0
DA:592,0
DA:593,0
DA:594,0
DA:595,0
DA:599,0
DA:600,0
DA:601,0
DA:602,0
DA:603,0
DA:604,0
DA:605,0
DA:606,0
DA:607,0
DA:608,0
DA:610,0
DA:611,0
DA:613,0
DA:614,0
DA:615,0
DA:616,0
DA:617,0
DA:618,0
DA:619,0
DA:620,0
DA:621,0
DA:622,0
DA:626,0
DA:627,0
DA:632,0
DA:633,0
DA:634,0
DA:635,0
DA:636,0
DA:637,0
DA:638,0
DA:639,0
DA:640,0
DA:642,0
DA:645,0
DA:646,0
DA:647,0
DA:648,0
DA:649,0
DA:650,0
DA:651,0
DA:653,0
DA:657,0
DA:658,0
DA:659,0
DA:660,0
DA:661,0
DA:662,0
DA:663,0
LF:368
LH:143
BRDA:146,0,0,14
BRDA:147,1,0,1
BRDA:147,2,0,13
BRDA:156,3,0,42
BRDA:165,4,0,41
BRDA:165,5,0,1
BRDA:165,6,0,41
BRDA:167,7,0,13
BRDA:169,8,0,1
BRDA:171,9,0,13
BRDA:158,10,0,3
BRDA:160,11,0,3
BRDA:180,12,0,8
BRDA:184,13,0,0
BRDA:194,14,0,0
BRDA:189,15,0,48
BRDA:190,16,0,32
BRDA:210,17,0,8
BRDA:247,18,0,0
BRDA:259,19,0,1
BRDA:265,20,0,7
BRDA:272,21,0,7
BRDA:272,22,0,1
BRDA:285,23,0,1
BRDA:285,24,0,7
BRDA:285,25,0,0
BRDA:261,26,0,1
BRDA:262,27,0,0
BRDA:387,28,0,7
BRDA:410,29,0,0
BRDA:418,30,0,0
BRDA:462,31,0,6
BRDA:474,32,0,0
BRDA:414,33,0,42
BRDA:415,34,0,35
BRDA:434,35,0,14
BRDA:441,36,0,1
BRF:37
BRH:29
end_of_record
TN:
SF:src/commands/status.ts
FN:1,(empty-report)
FNF:1
FNH:0
FNDA:0,(empty-report)
DA:1,0
DA:25,0
DA:27,0
DA:28,0
DA:29,0
DA:30,0
DA:31,0
DA:32,0
DA:33,0
DA:34,0
DA:35,0
DA:36,0
DA:37,0
DA:38,0
DA:39,0
DA:40,0
DA:41,0
DA:42,0
DA:43,0
DA:44,0
DA:46,0
DA:47,0
DA:48,0
DA:49,0
DA:55,0
DA:56,0
DA:58,0
DA:60,0
DA:61,0
DA:62,0
DA:63,0
DA:65,0
DA:66,0
DA:69,0
DA:70,0
DA:71,0
DA:72,0
DA:73,0
DA:74,0
DA:77,0
DA:79,0
DA:80,0
DA:81,0
DA:82,0
DA:83,0
DA:84,0
DA:87,0
DA:88,0
DA:90,0
DA:91,0
DA:92,0
DA:93,0
DA:95,0
DA:96,0
DA:97,0
DA:98,0
DA:100,0
DA:101,0
DA:102,0
DA:103,0
DA:104,0
DA:105,0
DA:106,0
DA:107,0
DA:108,0
DA:109,0
DA:110,0
DA:111,0
DA:112,0
DA:113,0
DA:116,0
DA:117,0
DA:119,0
DA:120,0
DA:122,0
DA:123,0
DA:124,0
DA:125,0
DA:126,0
DA:127,0
DA:128,0
DA:129,0
DA:130,0
DA:133,0
DA:135,0
DA:136,0
DA:137,0
DA:138,0
DA:139,0
DA:140,0
DA:141,0
DA:144,0
DA:145,0
DA:147,0
DA:148,0
DA:149,0
DA:150,0
DA:152,0
DA:153,0
DA:154,0
DA:155,0
DA:156,0
DA:158,0
DA:159,0
DA:160,0
DA:161,0
DA:164,0
DA:165,0
DA:166,0
DA:167,0
DA:168,0
DA:169,0
DA:171,0
DA:172,0
DA:173,0
DA:175,0
DA:176,0
DA:177,0
DA:178,0
DA:179,0
DA:181,0
DA:183,0
DA:184,0
DA:185,0
DA:186,0
DA:187,0
DA:189,0
DA:190,0
DA:191,0
DA:192,0
DA:193,0
DA:194,0
DA:196,0
DA:197,0
DA:199,0
DA:200,0
DA:202,0
DA:203,0
DA:204,0
DA:205,0
DA:206,0
DA:209,0
DA:210,0
DA:211,0
DA:212,0
DA:213,0
DA:214,0
DA:215,0
DA:216,0
DA:217,0
DA:218,0
DA:221,0
DA:222,0
DA:223,0
DA:224,0
DA:225,0
DA:226,0
DA:227,0
DA:228,0
DA:229,0
DA:230,0
DA:231,0
DA:234,0
DA:235,0
DA:236,0
DA:237,0
DA:238,0
DA:239,0
DA:240,0
DA:241,0
DA:242,0
DA:243,0
DA:245,0
DA:246,0
LF:174
LH:0
BRDA:1,0,0,0
BRF:1
BRH:0
end_of_record
TN:
SF:src/lib/claude.ts
FN:18,claudeCliAvailable
FN:26,callViaCli
FN:54,callViaApi
FN:71,stripFences
FN:78,callClaude
FN:114,patinaMdEditingRules
FN:146,callClaudeForText
FN:150,callClaudeForJson
FNF:8
FNH:1
FNDA:0,claudeCliAvailable
FNDA:0,callViaCli
FNDA:0,callViaApi
FNDA:0,stripFences
FNDA:0,callClaude
FNDA:6,patinaMdEditingRules
FNDA:0,callClaudeForText
FNDA:0,callClaudeForJson
DA:1,1
DA:15,1
DA:17,1
DA:18,0
DA:19,0
DA:20,0
DA:21,0
DA:22,0
DA:23,0
DA:24,0
DA:26,0
DA:27,0
DA:28,0
DA:29,0
DA:30,0
DA:32,0
DA:33,0
DA:35,0
DA:36,0
DA:38,0
DA:39,0
DA:41,0
DA:43,0
DA:44,0
DA:45,0
DA:46,0
DA:47,0
DA:48,0
DA:49,0
DA:50,0
DA:51,0
DA:52,0
DA:54,0
DA:55,0
DA:57,0
DA:58,0
DA:59,0
DA:60,0
DA:61,0
DA:63,0
DA:64,0
DA:65,0
DA:66,0
DA:68,0
DA:69,0
DA:71,0
DA:72,0
DA:73,0
DA:74,0
DA:75,0
DA:76,0
DA:78,0
DA:79,0
DA:80,0
DA:81,0
DA:82,0
DA:83,0
DA:84,0
DA:85,0
DA:88,0
DA:89,0
DA:90,0
DA:100,1
DA:101,1
DA:114,1
DA:115,6
DA:116,6
DA:117,6
DA:144,6
DA:146,0
DA:147,0
DA:148,0
DA:150,0
DA:151,0
DA:152,0
DA:153,0
DA:154,0
DA:155,0
DA:156,0
DA:157,0
DA:158,0
DA:159,0
DA:160,0
LF:83
LH:10
BRDA:114,0,0,6
BRF:1
BRH:1
end_of_record
TN:
SF:src/lib/git.ts
FN:3,getGitAuthor
FNF:1
FNH:1
FNDA:1,getGitAuthor
DA:1,1
DA:3,1
DA:4,1
DA:5,1
DA:6,1
DA:7,1
DA:8,0
DA:9,1
LF:8
LH:7
BRDA:3,0,0,1
BRDA:7,1,0,0
BRF:2
BRH:1
end_of_record
TN:
SF:src/lib/lint.ts
FN:17,lintMarkdown
FN:60,fixMarkdown
FNF:2
FNH:0
FNDA:0,lintMarkdown
FNDA:0,fixMarkdown
DA:17,1
DA:18,0
DA:19,0
DA:21,0
DA:22,0
DA:23,0
DA:26,0
DA:27,0
DA:28,0
DA:29,0
DA:30,0
DA:31,0
DA:32,0
DA:35,0
DA:36,0
DA:37,0
DA:38,0
DA:39,0
DA:40,0
DA:41,0
DA:44,0
DA:45,0
DA:46,0
DA:47,0
DA:48,0
DA:49,0
DA:50,0
DA:51,0
DA:53,0
DA:54,0
DA:60,1
DA:61,0
DA:64,0
DA:67,0
DA:70,0
DA:72,0
DA:73,0
LF:37
LH:2
BRF:0
BRH:0
end_of_record
TN:
SF:src/lib/mcp.ts
FN:17,safeReadJson
FN:26,extractServerNames
FN:41,readProjectMcpState
FN:61,readAuthCache
FN:69,readGlobalMcpServers
FN:76,isEnabled
FN:172,readProjectMcpServers
FN:224,isStale
FN:230,activeServers
FN:234,mcpSummaryText
FNF:10
FNH:10
FNDA:112,safeReadJson
FNDA:40,extractServerNames
FNDA:16,readProjectMcpState
FNDA:16,readAuthCache
FNDA:8,readGlobalMcpServers
FNDA:24,isEnabled
FNDA:8,readProjectMcpServers
FNDA:74,isStale
FNDA:33,activeServers
FNDA:15,mcpSummaryText
DA:1,1
DA:15,1
DA:17,112
DA:18,112
DA:19,112
DA:20,72
DA:21,112
DA:22,0
DA:23,0
DA:24,112
DA:26,40
DA:28,40
DA:29,40
DA:30,16
DA:31,24
DA:32,40
DA:33,40
DA:41,16
DA:42,16
DA:51,16
DA:53,16
DA:54,16
DA:55,16
DA:56,16
DA:57,16
DA:58,16
DA:59,16
DA:61,16
DA:62,16
DA:63,16
DA:64,16
DA:65,16
DA:66,16
DA:67,16
DA:69,1
DA:70,8
DA:71,8
DA:72,8
DA:73,8
DA:74,8
DA:76,8
DA:77,24
DA:79,8
DA:80,24
DA:83,8
DA:84,8
DA:85,8
DA:86,8
DA:87,8
DA:88,8
DA:89,8
DA:90,8
DA:91,8
DA:92,8
DA:95,8
DA:96,8
DA:97,8
DA:98,8
DA:99,8
DA:100,8
DA:101,16
DA:102,16
DA:103,16
DA:104,16
DA:105,16
DA:106,16
DA:107,16
DA:108,16
DA:109,16
DA:110,16
DA:111,8
DA:114,8
DA:115,8
DA:116,8
DA:117,8
DA:118,8
DA:120,8
DA:125,8
DA:126,8
DA:128,8
DA:129,8
DA:130,8
DA:131,8
DA:132,8
DA:133,8
DA:134,0
DA:135,8
DA:136,8
DA:137,0
DA:138,8
DA:140,8
DA:141,24
DA:143,24
DA:144,24
DA:145,24
DA:147,24
DA:148,24
DA:149,24
DA:151,24
DA:152,48
DA:154,48
DA:155,48
DA:156,48
DA:157,48
DA:158,48
DA:159,48
DA:160,48
DA:161,48
DA:162,48
DA:163,48
DA:164,48
DA:165,48
DA:166,48
DA:167,24
DA:169,8
DA:170,8
DA:172,1
DA:173,8
DA:174,8
DA:175,8
DA:178,8
DA:179,8
DA:180,8
DA:181,8
DA:182,8
DA:183,8
DA:184,8
DA:185,8
DA:186,8
DA:189,8
DA:190,8
DA:191,8
DA:192,8
DA:193,8
DA:194,0
DA:195,0
DA:196,0
DA:197,0
DA:198,0
DA:199,0
DA:200,0
DA:201,0
DA:202,0
DA:203,0
DA:204,0
DA:205,0
DA:208,8
DA:209,8
DA:210,0
DA:211,0
DA:212,0
DA:213,0
DA:214,0
DA:215,0
DA:216,0
DA:217,0
DA:218,0
DA:219,0
DA:221,8
DA:222,8
DA:224,1
DA:225,74
DA:226,52
DA:227,52
DA:228,52
DA:230,1
DA:231,33
DA:232,33
DA:234,1
DA:235,15
DA:236,15
DA:237,15
DA:239,15
DA:241,13
DA:243,13
DA:244,13
DA:245,15
DA:246,15
DA:248,15
DA:249,1
DA:250,1
DA:252,13
DA:253,13
DA:255,13
DA:256,15
DA:258,15
DA:259,9
DA:260,9
DA:261,9
DA:262,9
DA:264,13
DA:265,13
LF:192
LH:166
BRDA:17,0,0,112
BRDA:19,1,0,40
BRDA:19,2,0,72
BRDA:21,3,0,0
BRDA:26,4,0,40
BRDA:29,5,0,16
BRDA:29,6,0,16
BRDA:30,7,0,24
BRDA:41,8,0,16
BRDA:53,9,0,0
BRDA:55,10,0,0
BRDA:56,11,0,0
BRDA:57,12,0,0
BRDA:61,13,0,16
BRDA:69,14,0,8
BRDA:100,15,0,16
BRDA:118,16,0,0
BRDA:126,17,0,0
BRDA:133,18,0,0
BRDA:136,19,0,0
BRDA:140,20,0,24
BRDA:141,21,0,0
BRDA:143,22,0,0
BRDA:145,23,0,0
BRDA:149,24,0,0
BRDA:151,25,0,48
BRDA:152,26,0,0
BRDA:76,27,0,24
BRDA:77,28,0,16
BRDA:77,29,0,8
BRDA:101,30,0,24
BRDA:152,31,0,264
BRDA:172,32,0,8
BRDA:193,33,0,0
BRDA:209,34,0,0
BRDA:224,35,0,74
BRDA:225,36,0,22
BRDA:225,37,0,52
BRDA:230,38,0,33
BRDA:231,39,0,100
BRDA:234,40,0,15
BRDA:239,41,0,2
BRDA:239,42,0,13
BRDA:245,43,0,1
BRDA:245,44,0,12
BRDA:248,45,0,1
BRDA:250,46,0,13
BRDA:256,47,0,1
BRDA:256,48,0,13
BRDA:258,49,0,9
BRDA:262,50,0,13
BRDA:249,51,0,1
BRDA:252,52,0,70
BRDA:255,53,0,1
BRF:54
BRH:38
end_of_record
TN:
SF:src/lib/metrics.ts
FN:18,computeAggregates
FN:86,computeTrend
FN:114,formatNumber
FN:118,formatDate
FN:130,trendArrow
FNF:5
FNH:5
FNDA:28,computeAggregates
FNDA:15,computeTrend
FNDA:34,formatNumber
FNDA:2,formatDate
FNDA:4,trendArrow
DA:18,1
DA:19,28
DA:20,1
DA:21,1
DA:22,1
DA:23,1
DA:24,1
DA:25,1
DA:26,1
DA:27,1
DA:28,1
DA:29,1
DA:30,1
DA:32,27
DA:33,27
DA:36,27
DA:37,28
DA:38,43
DA:39,5
DA:40,5
DA:41,43
DA:42,27
DA:43,27
DA:44,27
DA:47,27
DA:48,28
DA:49,43
DA:50,43
DA:53,27
DA:54,27
DA:55,27
DA:56,27
DA:58,27
DA:59,27
DA:60,27
DA:61,0
DA:63,28
DA:64,28
DA:65,28
DA:66,28
DA:67,28
DA:68,28
DA:69,28
DA:70,28
DA:71,28
DA:72,28
DA:73,28
DA:86,1
DA:87,15
DA:90,3
DA:91,3
DA:92,3
DA:93,3
DA:95,3
DA:96,3
DA:97,2
DA:98,2
DA:99,2
DA:100,2
DA:101,2
DA:102,1
DA:104,15
DA:105,15
DA:107,15
DA:108,15
DA:114,1
DA:115,34
DA:116,34
DA:118,1
DA:119,2
DA:120,2
DA:121,2
DA:122,2
DA:123,2
DA:124,2
DA:125,2
DA:126,0
DA:127,0
DA:128,2
DA:130,1
DA:131,4
DA:132,4
DA:133,4
DA:134,1
DA:135,1
LF:85
LH:82
BRDA:18,0,0,28
BRDA:19,1,0,1
BRDA:30,2,0,27
BRDA:37,3,0,43
BRDA:38,4,0,5
BRDA:39,5,0,4
BRDA:41,6,0,27
BRDA:48,7,0,43
BRDA:49,8,0,28
BRDA:50,9,0,27
BRDA:60,10,0,0
BRDA:32,11,0,43
BRDA:33,12,0,43
BRDA:43,13,0,4
BRDA:44,14,0,4
BRDA:54,15,0,43
BRDA:86,16,0,15
BRDA:87,17,0,12
BRDA:87,18,0,7
BRDA:87,19,0,3
BRDA:96,20,0,2
BRDA:101,21,0,1
BRDA:105,22,0,3
BRDA:105,23,0,0
BRDA:90,24,0,13
BRDA:114,25,0,34
BRDA:118,26,0,2
BRDA:125,27,0,0
BRDA:130,28,0,4
BRDA:131,29,0,1
BRDA:131,30,0,3
BRDA:132,31,0,1
BRDA:132,32,0,2
BRDA:133,33,0,1
BRF:34
BRH:31
end_of_record
TN:
SF:src/lib/parser.ts
FN:67,detectRework
FN:71,extractTextFromContent
FN:93,extractToolName
FN:114,parseJsonlFile
FN:155,parseConversationFile
FN:257,cwdToSlug
FN:267,discoverProjects
FNF:7
FNH:5
FNDA:21,detectRework
FNDA:15,extractTextFromContent
FNDA:10,extractToolName
FNDA:7,parseJsonlFile
FNDA:7,parseConversationFile
FNDA:0,cwdToSlug
FNDA:0,discoverProjects
DA:1,1
DA:12,1
DA:13,1
DA:14,1
DA:15,1
DA:16,1
DA:17,1
DA:18,1
DA:19,1
DA:20,1
DA:21,1
DA:22,1
DA:23,1
DA:24,1
DA:25,1
DA:26,1
DA:27,1
DA:28,1
DA:29,1
DA:30,1
DA:31,1
DA:32,1
DA:33,1
DA:34,1
DA:35,1
DA:36,1
DA:37,1
DA:39,1
DA:40,1
DA:49,1
DA:50,1
DA:51,1
DA:52,1
DA:53,1
DA:54,1
DA:55,1
DA:56,1
DA:57,1
DA:58,1
DA:59,1
DA:60,1
DA:61,1
DA:62,1
DA:63,1
DA:64,1
DA:65,1
DA:67,1
DA:68,21
DA:69,21
DA:71,1
DA:72,15
DA:73,15
DA:74,6
DA:75,6
DA:76,6
DA:77,9
DA:78,9
DA:79,9
DA:80,9
DA:81,9
DA:82,5
DA:83,9
DA:84,4
DA:85,4
DA:86,5
DA:87,6
DA:88,6
DA:89,6
DA:90,0
DA:91,0
DA:93,1
DA:94,10
DA:95,7
DA:96,10
DA:97,11
DA:98,11
DA:99,11
DA:100,11
DA:101,11
DA:102,9
DA:103,11
DA:104,8
DA:105,8
DA:106,11
DA:107,7
DA:108,7
DA:114,7
DA:115,7
DA:116,7
DA:118,7
DA:119,10
DA:120,10
DA:121,9
DA:122,9
DA:123,9
DA:124,10
DA:125,8
DA:126,8
DA:128,10
DA:130,1
DA:131,10
DA:133,7
DA:134,7
DA:155,1
DA:156,7
DA:159,7
DA:161,7
DA:163,8
DA:164,8
DA:166,8
DA:168,8
DA:169,7
DA:170,7
DA:171,8
DA:172,8
DA:176,7
DA:177,0
DA:178,0
DA:179,0
DA:181,7
DA:183,7
DA:184,7
DA:185,7
DA:186,7
DA:187,7
DA:188,7
DA:190,7
DA:192,8
DA:193,8
DA:194,8
DA:195,8
DA:196,8
DA:198,8
DA:199,8
DA:200,8
DA:203,8
DA:204,1
DA:205,1
DA:208,8
DA:209,3
DA:210,3
DA:211,3
DA:212,3
DA:213,3
DA:214,8
DA:217,8
DA:218,1
DA:219,1
DA:220,8
DA:222,7
DA:223,7
DA:224,7
DA:225,7
DA:226,7
DA:227,7
DA:228,7
DA:229,7
DA:230,7
DA:231,7
DA:233,7
DA:234,7
DA:257,1
DA:258,0
DA:259,0
DA:260,0
DA:261,0
DA:262,0
DA:263,0
DA:265,0
DA:267,1
DA:268,0
DA:269,0
DA:270,0
DA:271,0
DA:272,0
DA:274,0
DA:275,0
DA:276,0
DA:278,0
DA:279,0
DA:281,0
DA:282,0
DA:284,0
DA:286,0
DA:287,0
DA:289,0
DA:290,0
DA:292,0
DA:293,0
DA:294,0
DA:295,0
DA:296,0
DA:297,0
DA:298,0
DA:300,0
DA:301,0
LF:196
LH:158
BRDA:67,0,0,21
BRDA:68,1,0,184
BRDA:71,2,0,15
BRDA:72,3,0,2
BRDA:72,4,0,13
BRDA:73,5,0,7
BRDA:73,6,0,6
BRDA:89,7,0,0
BRDA:76,8,0,9
BRDA:81,9,0,5
BRDA:83,10,0,4
BRDA:84,11,0,0
BRDA:85,12,0,5
BRDA:93,13,0,10
BRDA:94,14,0,3
BRDA:94,15,0,7
BRDA:96,16,0,11
BRDA:101,17,0,9
BRDA:103,18,0,8
BRDA:106,19,0,7
BRDA:114,20,0,7
BRDA:118,21,0,10
BRDA:120,22,0,1
BRDA:120,23,0,9
BRDA:124,24,0,8
BRDA:128,25,0,1
BRDA:155,26,0,7
BRDA:161,27,0,8
BRDA:164,28,0,0
BRDA:166,29,0,0
BRDA:168,30,0,7
BRDA:176,31,0,1
BRDA:176,32,0,0
BRDA:190,33,0,8
BRDA:194,34,0,3
BRDA:203,35,0,3
BRDA:203,36,0,3
BRDA:203,37,0,1
BRDA:208,38,0,3
BRDA:211,39,0,2
BRDA:217,40,0,1
BRDA:217,41,0,1
BRDA:225,42,0,6
BRF:43
BRH:38
end_of_record
TN:
SF:src/lib/questions.ts
FN:41,loadQuestions
FNF:1
FNH:1
FNDA:15,loadQuestions
DA:1,1
DA:9,1
DA:10,1
DA:11,1
DA:12,1
DA:13,1
DA:14,1
DA:15,1
DA:16,1
DA:17,1
DA:18,1
DA:19,1
DA:20,1
DA:21,1
DA:22,1
DA:23,1
DA:24,1
DA:25,1
DA:26,1
DA:27,1
DA:28,1
DA:29,1
DA:30,1
DA:31,1
DA:32,1
DA:33,1
DA:34,1
DA:41,1
DA:42,15
DA:43,15
DA:44,0
DA:45,0
DA:46,0
DA:47,0
DA:48,0
DA:49,0
DA:50,0
DA:51,0
DA:52,0
DA:53,0
DA:54,0
DA:55,0
DA:56,15
DA:57,0
DA:58,0
DA:59,15
DA:61,0
DA:62,0
DA:63,0
LF:49
LH:32
BRDA:41,0,0,15
BRDA:43,1,0,0
BRDA:48,2,0,0
BRDA:56,3,0,0
BRDA:59,4,0,0
BRF:5
BRH:1
end_of_record
TN:
SF:src/lib/storage.ts
FN:61,resolveTargetFile
FN:80,loadSpokeFiles
FN:100,loadOpportunityBacklog
FN:111,appendOpportunity
FN:130,ensureSpokeFiles
FN:196,patinaExists
FN:200,assertInitialised
FN:249,ensureDir
FN:253,writeJson
FN:258,readJson
FN:263,fileExists
FN:271,sessionFilePath
FN:276,sessionExists
FN:280,writeSession
FN:285,readAllSessions
FN:309,readMetrics
FN:320,writeMetrics
FN:362,getDataDir
FN:380,readConfig
FN:395,getSessionsInCycle
FN:425,writePendingDiff
FN:429,readPendingDiff
FN:443,cycleFilePath
FN:447,getLatestCycleDate
FN:461,writeCycleFile
FN:484,writeCapture
FN:506,writeReflection
FN:514,readReflections
FN:543,readCaptures
FNF:29
FNH:0
FNDA:0,resolveTargetFile
FNDA:0,loadSpokeFiles
FNDA:0,loadOpportunityBacklog
FNDA:0,appendOpportunity
FNDA:0,ensureSpokeFiles
FNDA:0,patinaExists
FNDA:0,assertInitialised
FNDA:0,ensureDir
FNDA:0,writeJson
FNDA:0,readJson
FNDA:0,fileExists
FNDA:0,sessionFilePath
FNDA:0,sessionExists
FNDA:0,writeSession
FNDA:0,readAllSessions
FNDA:0,readMetrics
FNDA:0,writeMetrics
FNDA:0,getDataDir
FNDA:0,readConfig
FNDA:0,getSessionsInCycle
FNDA:0,writePendingDiff
FNDA:0,readPendingDiff
FNDA:0,cycleFilePath
FNDA:0,getLatestCycleDate
FNDA:0,writeCycleFile
FNDA:0,writeCapture
FNDA:0,writeReflection
FNDA:0,readReflections
FNDA:0,readCaptures
DA:1,1
DA:10,1
DA:11,1
DA:12,1
DA:13,1
DA:14,1
DA:15,1
DA:16,1
DA:17,1
DA:18,1
DA:19,1
DA:20,1
DA:26,1
DA:27,1
DA:28,1
DA:29,1
DA:30,1
DA:31,1
DA:36,1
DA:37,1
DA:38,1
DA:39,1
DA:40,1
DA:41,1
DA:44,1
DA:45,1
DA:46,1
DA:47,1
DA:48,1
DA:49,1
DA:54,1
DA:55,1
DA:61,1
DA:62,0
DA:63,0
DA:64,0
DA:65,0
DA:66,0
DA:67,0
DA:69,0
DA:70,0
DA:71,0
DA:73,0
DA:74,0
DA:80,1
DA:81,0
DA:83,0
DA:84,0
DA:85,0
DA:86,0
DA:87,0
DA:88,0
DA:89,0
DA:90,0
DA:91,0
DA:93,0
DA:94,0
DA:100,1
DA:101,0
DA:102,0
DA:103,0
DA:104,0
DA:105,0
DA:111,1
DA:112,0
DA:113,0
DA:114,0
DA:115,0
DA:116,0
DA:117,0
DA:119,0
DA:120,0
DA:121,0
DA:122,0
DA:123,0
DA:124,0
DA:130,1
DA:131,0
DA:133,0
DA:134,0
DA:135,0
DA:136,0
DA:137,0
DA:138,0
DA:140,0
DA:141,0
DA:142,0
DA:143,0
DA:144,0
DA:145,0
DA:146,0
DA:147,0
DA:153,1
DA:165,1
DA:173,1
DA:182,1
DA:188,1
DA:196,1
DA:197,0
DA:198,0
DA:200,1
DA:201,0
DA:202,0
DA:203,0
DA:204,0
DA:205,0
DA:211,1
DA:212,1
DA:213,1
DA:214,1
DA:215,1
DA:216,1
DA:217,1
DA:218,1
DA:219,1
DA:220,1
DA:221,1
DA:222,1
DA:230,1
DA:231,1
DA:232,1
DA:233,1
DA:234,1
DA:235,1
DA:236,1
DA:237,1
DA:238,1
DA:239,1
DA:240,1
DA:241,1
DA:249,1
DA:250,0
DA:251,0
DA:253,1
DA:254,0
DA:255,0
DA:256,0
DA:258,1
DA:259,0
DA:260,0
DA:261,0
DA:263,1
DA:264,0
DA:265,0
DA:271,1
DA:272,0
DA:273,0
DA:274,0
DA:276,1
DA:277,0
DA:278,0
DA:280,1
DA:281,0
DA:282,0
DA:283,0
DA:285,1
DA:286,0
DA:287,0
DA:289,0
DA:290,0
DA:292,0
DA:293,0
DA:294,0
DA:295,0
DA:296,0
DA:297,0
DA:298,0
DA:299,0
DA:300,0
DA:301,0
DA:302,0
DA:303,0
DA:304,0
DA:306,0
DA:307,0
DA:309,1
DA:310,0
DA:311,0
DA:312,0
DA:313,0
DA:314,0
DA:315,0
DA:316,0
DA:317,0
DA:318,0
DA:320,1
DA:321,0
DA:322,0
DA:323,0
DA:348,1
DA:349,1
DA:350,1
DA:351,1
DA:352,1
DA:362,1
DA:363,0
DA:364,0
DA:365,0
DA:366,0
DA:367,0
DA:368,0
DA:369,0
DA:370,0
DA:371,0
DA:372,0
DA:373,0
DA:374,0
DA:375,0
DA:376,0
DA:377,0
DA:378,0
DA:380,1
DA:381,0
DA:382,0
DA:383,0
DA:384,0
DA:385,0
DA:386,0
DA:387,0
DA:388,0
DA:389,0
DA:395,1
DA:398,0
DA:399,0
DA:400,0
DA:401,0
DA:402,0
DA:403,0
DA:404,0
DA:405,0
DA:423,1
DA:425,1
DA:426,0
DA:427,0
DA:429,1
DA:430,0
DA:431,0
DA:432,0
DA:433,0
DA:434,0
DA:435,0
DA:436,0
DA:437,0
DA:443,1
DA:444,0
DA:445,0
DA:447,1
DA:448,0
DA:449,0
DA:451,0
DA:452,0
DA:453,0
DA:454,0
DA:456,0
DA:458,0
DA:459,0
DA:461,1
DA:462,0
DA:463,0
DA:464,0
DA:465,0
DA:471,1
DA:474,1
DA:475,1
DA:476,1
DA:477,1
DA:478,1
DA:479,1
DA:480,1
DA:484,1
DA:485,0
DA:486,0
DA:487,0
DA:488,0
DA:489,0
DA:490,0
DA:496,1
DA:497,1
DA:498,1
DA:499,1
DA:500,1
DA:501,1
DA:502,1
DA:506,1
DA:507,0
DA:508,0
DA:509,0
DA:510,0
DA:511,0
DA:512,0
DA:514,1
DA:515,0
DA:516,0
DA:518,0
DA:519,0
DA:521,0
DA:522,0
DA:523,0
DA:524,0
DA:525,0
DA:526,0
DA:527,0
DA:528,0
DA:529,0
DA:530,0
DA:531,0
DA:533,0
DA:535,0
DA:536,0
DA:537,0
DA:538,0
DA:540,0
DA:541,0
DA:543,1
DA:544,0
DA:545,0
DA:547,0
DA:548,0
DA:550,0
DA:551,0
DA:552,0
DA:553,0
DA:554,0
DA:555,0
DA:556,0
DA:557,0
DA:558,0
DA:559,0
DA:560,0
DA:562,0
DA:564,0
DA:565,0
DA:566,0
DA:567,0
DA:569,0
DA:570,0
LF:336
LH:111
BRF:0
BRH:0
end_of_record
TN:
SF:src/lib/ui.ts
FN:3,cyan
FN:6,dim
FN:10,startSpinner
FNF:3
FNH:0
FNDA:0,cyan
FNDA:0,dim
FNDA:0,startSpinner
DA:1,1
DA:3,0
DA:4,0
DA:5,0
DA:6,0
DA:7,0
DA:8,0
DA:10,1
DA:11,0
DA:12,0
DA:13,0
DA:14,0
DA:15,0
DA:16,0
DA:17,0
DA:18,0
DA:19,0
DA:20,0
DA:21,0
DA:22,0
DA:23,0
DA:24,0
DA:25,0
DA:26,0
DA:27,0
DA:28,0
DA:29,0
LF:27
LH:2
BRF:0
BRH:0
end_of_record
TN:
SF:src/templates/skill.ts
FN:1,(empty-report)
FNF:1
FNH:1
FNDA:1,(empty-report)
DA:5,0
LF:1
LH:0
BRDA:1,0,0,1
BRF:1
BRH:1
end_of_record
